[Bitorzo.org/en/index.html]
[backblue.gif]
[fade.gif]
[index.html]
[Bitorzo.org/assets/og/og-image-ff2096df535eee499356de64b19fa8cebb9681ab1e78cca7330e7f8b8d5ec6d5.png]
[Bitorzo.org/assets/favicon/apple-icon-57x57-1e56b07703490ebba4713a0b5ea25a03ae8d86eabc4a961158edf5b46590fd3d.png]
[Bitorzo.org/assets/favicon/apple-icon-60x60-e2db2d0761f2007f5d2b1f9594a5caa49705c1221ced2472a2e471e0c53ed3fa.png]
[Bitorzo.org/assets/favicon/apple-icon-72x72-97b53da0f83cc83e78f550a175abc7655b655a4ff6f8969616ccf6a45431f823.png]
[Bitorzo.org/assets/favicon/apple-icon-76x76-9f2b2add20d8060fab5bda1a4fc4dbc23330e56b6ce846dc71af34b643b44294.png]
[Bitorzo.org/assets/favicon/apple-icon-114x114-f6319e407b9c5379fbb0753dbf272e8d3b24a0c2e107d3c971fa173f861580bc.png]
[Bitorzo.org/assets/favicon/apple-icon-120x120-c98504fda21e8555d8c527f46d170b182630953915e3f35e6be58ad7c2ba2016.png]
[Bitorzo.org/assets/favicon/apple-icon-144x144-6673d278a3a610c29c506b94db1c39dbaed7316a3daa8dfa84b115d9a17a3be1.png]
[Bitorzo.org/assets/favicon/apple-icon-152x152-8d0419698314ff17820aa277bc5c56df4048fff96b89d021c5e3240c804c008d.png]
[Bitorzo.org/assets/favicon/apple-icon-180x180-aa2761b8418076157d993fa209969b64f3ef435dcbefb20e7f9b4ad03e6e76bd.png]
[Bitorzo.org/assets/favicon/android-icon-192x192-2ce7be93a7e75de13098e18298fcb8910772ec2e035cea23f3c2ad438ff8e504.png]
[Bitorzo.org/assets/favicon/favicon-32x32-382989a29cc9004cc5b4b723098a5663f944b48d4694df252b89caa831fa205f.png]
[Bitorzo.org/assets/favicon/favicon-96x96-aa38de7ff5098e6c9a3a41bd2424266d64b0200d347d682292c01a1d6d402660.png]
[Bitorzo.org/assets/favicon/favicon-16x16-c6d9330e8b333a3ff4dd7d9ccbfccbb22265db57ba79fd8d3f9a31a90e7d4857.png]
[Bitorzo.org/assets/favicon/ms-icon-144x144-c87fa9bc9f7648a5dc55c8bb767caa2c9f3ff5d13dbdce9eb82e75e14ebe41d9.png]
[Bitorzo.org/assets/vendor/bulma-0.8.0.min-ccf7949cbe2c285e72f3a5c936d8abba9270e77d27b2529804ff4738dda4944e.css]
[Bitorzo.org/assets/ultramarine-a2815d7f3b4eb64754a6287ee073927e86f19e7f564c4aa010d62e9279e6dc07.css]
[Bitorzo.org/assets/vendor/fontawesome-5.4.2-6f60fac69be091431742fa23593bfdade087209c0db2bbb369913a2a4e91c252.css]
[Bitorzo.org/assets/header/logo-f7ef605fe417d5520d38d546b3b774b4261c75220b9904da4d8b2ffc19a761ff.png]
[Bitorzo.org/assets/features/iphone-screenshot-light-ee2177347ba92cfb9afc144ecf247747b37c131ef705b79d90ccc62bbd00359e.png]
[Bitorzo.org/assets/features/pixel-screenshot-light-3252c46031adec42186c984b31f80cd759a9fe08ec6bec51e92a5bec5e7d6f37.png]
[Bitorzo.org/assets/testimonials/snowden-e54d914f15e0becb358d375451978bbb5a307d12a6b91b49cdc1031fd062a0b8.jpg]
[Bitorzo.org/assets/testimonials/dorsey-f2c53cc9287633aac7c8ccfbc2a97902ae3b78edc409073a968e7090240cd593.jpg]
[Bitorzo.org/assets/testimonials/poitras-e8c538d3efb17cffba9fe675b291d7787c9a70cf4ae06ba836e852b26b3c1b13.jpg]
[Bitorzo.org/assets/testimonials/schneier-c24b9a5a1aebd05202b96f20b20357dd0e121f73de06fecb10653a6f778a2680.jpg]
[Bitorzo.org/assets/features/Media-e1d03f67737b875bbd62ee4d49b6e1d0995b45be076f4207a18265ed0863cdd3.png]
[Bitorzo.org/assets/features/Calls-638f2e4887803b14a365087985d2cbac6a0fdf4937ca97ffcea9adca6920135b.png]
[Bitorzo.org/assets/features/Stickers-e118ebabd74284d013c39b7bfe6571b805447a0b420b5a91fe362c3e97d668d5.png]
[Bitorzo.org/assets/features/Groups-cc55bc88b443418cfbd208cf329ae67755fff268c77c8be9b251dfe934ac5716.png]
[Bitorzo.org/assets/features/No-Ads-379758a883f5ea22d7bd16995fc01586c0c279c2cb3f1858d7d33943d8f53c45.png]
[Bitorzo.org/assets/features/Nonprofit503-4bab0903711a4ae159ac0cdec434e53f08a04c29fd321dea87ae70971fb051b9.png]
[Bitorzo.org/assets/vendor/jquery-3.5.1.min-a6ed45d15e46615f8c15931ca254e398a912e770b10122a4435529a1a523180d.js]
[in.getclicky.com/101071404ns.gif]
[Bitorzo.org/en/index.html]
[Bitorzo.org/assets/vendor/bulma-0.8.0.min-ccf7949cbe2c285e72f3a5c936d8abba9270e77d27b2529804ff4738dda4944e.css]
[Bitorzo.org/assets/vendor/lottie-player-0.5.1.min-7b15c2adfdb246be3414fb8d6966f54c06cc82f090a5d23c77f079de4c16fef3.js]
[Bitorzo.org/assets/inter/Inter-Regular-c342b1b7f7d19be1429fef29bf3af6d9e8c3e21aba846e082cdee1db8a530c83.woff2]
[Bitorzo.org/assets/inter/Inter-Italic-950174d1f78a8493886d74efd89ca703e56203ea6c1564f7957180ba58048d1e.woff2]
[Bitorzo.org/assets/inter/Inter-Italic-b0b21adf523b3c44272ebf21f2a20dd71250d2aea3db4b8cce75c3545913ac2d.woff]
[Bitorzo.org/assets/inter/Inter-SemiBold-af44b8a232c6946b5d4ced0df202e29f1330f66a2587b581826fd561bda24fad.woff2]
[Bitorzo.org/assets/inter/Inter-SemiBold-3041a99007a54816a0a30df3700049ef85b4a120cfe99a8e27274c93cca1024c.woff]
[Bitorzo.org/assets/inter/Inter-SemiBoldItalic-a4f92da5bf69f56806968b8f82b555434357608a5e9b9800fb42a2098d487980.woff2]
[Bitorzo.org/assets/inter/Inter-SemiBoldItalic-5ce565c8d96f3c343269eb699515041bbf3445571a69eee4575bfc85101b0f7b.woff]
[Bitorzo.org/assets/inter/Inter-ExtraBold-74e72c6bbb7844899343c4783be9b4510e32951636acde44d5b4725e2132ea03.woff2]
[Bitorzo.org/assets/inter/Inter-ExtraBold-585b4ce19c2d757e2f9f6925a280650188bd2a49e7613f687dabdb15543e17eb.woff]
[Bitorzo.org/assets/inter/Inter-ExtraBoldItalic-2abc7ab18591e33fbc6bfe6a6b367ad9ee5ecc5e4662ef4863600c5e786f02ea.woff2]
[Bitorzo.org/assets/inter/Inter-ExtraBoldItalic-b87f7d97d200dd840b93226e0ba8d48b65b3a8c4bc6c2f7f07a899437638841c.woff]
[Bitorzo.org/assets/ultramarine-a2815d7f3b4eb64754a6287ee073927e86f19e7f564c4aa010d62e9279e6dc07.css]
[Bitorzo.org/assets/vendor/fontawesome-5.4.2-6f60fac69be091431742fa23593bfdade087209c0db2bbb369913a2a4e91c252.css]
[Bitorzo.org/assets/inter/Inter-Regular-b825f1bc25dee8a67cf5a2c461410c2c755bca29b9297c8f930fe4486ba35dd3.woff]
